# JRE version: OpenJDK Runtime Environment (11.0.11) (build 11.0.11+0-b60-7590822)
# Java VM: OpenJDK 64-Bit Server VM (11.0.11+0-b60-7590822, mixed mode, tiered, compressed oops, g1 gc, linux-amd64)
Heap:
 garbage-first heap   total 248832K, used 155816K [0x0000000080000000, 0x0000000100000000)
  region size 1024K, 13 young (13312K), 5 survivors (5120K)
 Metaspace       used 136630K, capacity 139686K, committed 140456K, reserved 1171456K
  class space    used 17632K, capacity 18770K, committed 18936K, reserved 1048576K
GC Heap History (20 events):
Event: 3613.335 GC heap before
{Heap before GC invocations=41 (full 0):
 garbage-first heap   total 248832K, used 178940K [0x0000000080000000, 0x0000000100000000)
  region size 1024K, 56 young (57344K), 6 survivors (6144K)
 Metaspace       used 110379K, capacity 113231K, committed 113704K, reserved 1146880K
  class space    used 14104K, capacity 15176K, committed 15480K, reserved 1048576K
}
Event: 3613.383 GC heap after
{Heap after GC invocations=42 (full 0):
 garbage-first heap   total 248832K, used 130784K [0x0000000080000000, 0x0000000100000000)
  region size 1024K, 8 young (8192K), 8 survivors (8192K)
 Metaspace       used 110379K, capacity 113231K, committed 113704K, reserved 1146880K
  class space    used 14104K, capacity 15176K, committed 15480K, reserved 1048576K
}
Event: 3615.054 GC heap before
{Heap before GC invocations=43 (full 0):
 garbage-first heap   total 248832K, used 205536K [0x0000000080000000, 0x0000000100000000)
  region size 1024K, 76 young (77824K), 8 survivors (8192K)
 Metaspace       used 118267K, capacity 120965K, committed 121896K, reserved 1155072K
  class space    used 15013K, capacity 16043K, committed 16504K, reserved 1048576K
}
Event: 3615.069 GC heap after
{Heap after GC invocations=44 (full 0):
 garbage-first heap   total 248832K, used 143039K [0x0000000080000000, 0x0000000100000000)
  region size 1024K, 10 young (10240K), 10 survivors (10240K)
 Metaspace       used 118267K, capacity 120965K, committed 121896K, reserved 1155072K
  class space    used 15013K, capacity 16043K, committed 16504K, reserved 1048576K
}
Event: 3615.091 GC heap before
{Heap before GC invocations=44 (full 0):
 garbage-first heap   total 248832K, used 145087K [0x0000000080000000, 0x0000000100000000)
  region size 1024K, 12 young (12288K), 10 survivors (10240K)
 Metaspace       used 118395K, capacity 121099K, committed 122152K, reserved 1155072K
  class space    used 15028K, capacity 16045K, committed 16504K, reserved 1048576K
}
Event: 3615.103 GC heap after
{Heap after GC invocations=45 (full 0):
 garbage-first heap   total 248832K, used 142952K [0x0000000080000000, 0x0000000100000000)
  region size 1024K, 2 young (2048K), 2 survivors (2048K)
 Metaspace       used 118395K, capacity 121099K, committed 122152K, reserved 1155072K
  class space    used 15028K, capacity 16045K, committed 16504K, reserved 1048576K
}
Event: 3615.222 GC heap before
{Heap before GC invocations=45 (full 0):
 garbage-first heap   total 248832K, used 152168K [0x0000000080000000, 0x0000000100000000)
  region size 1024K, 12 young (12288K), 2 survivors (2048K)
 Metaspace       used 119515K, capacity 122254K, committed 123304K, reserved 1157120K
  class space    used 15180K, capacity 16216K, committed 16632K, reserved 1048576K
}
Event: 3615.227 GC heap after
{Heap after GC invocations=46 (full 0):
 garbage-first heap   total 248832K, used 143033K [0x0000000080000000, 0x0000000100000000)
  region size 1024K, 2 young (2048K), 2 survivors (2048K)
 Metaspace       used 119515K, capacity 122254K, committed 123304K, reserved 1157120K
  class space    used 15180K, capacity 16216K, committed 16632K, reserved 1048576K
}
Event: 3615.943 GC heap before
{Heap before GC invocations=47 (full 0):
 garbage-first heap   total 248832K, used 208569K [0x0000000080000000, 0x0000000100000000)
  region size 1024K, 65 young (66560K), 2 survivors (2048K)
 Metaspace       used 123151K, capacity 125876K, committed 127144K, reserved 1159168K
  class space    used 15653K, capacity 16695K, committed 17144K, reserved 1048576K
}
Event: 3615.949 GC heap after
{Heap after GC invocations=48 (full 0):
 garbage-first heap   total 248832K, used 147560K [0x0000000080000000, 0x0000000100000000)
  region size 1024K, 6 young (6144K), 6 survivors (6144K)
 Metaspace       used 123151K, capacity 125876K, committed 127144K, reserved 1159168K
  class space    used 15653K, capacity 16695K, committed 17144K, reserved 1048576K
}
Event: 3616.123 GC heap before
{Heap before GC invocations=48 (full 0):
 garbage-first heap   total 248832K, used 153704K [0x0000000080000000, 0x0000000100000000)
  region size 1024K, 12 young (12288K), 6 survivors (6144K)
 Metaspace       used 124461K, capacity 127201K, committed 128680K, reserved 1161216K
  class space    used 15899K, capacity 16925K, committed 17400K, reserved 1048576K
}
Event: 3616.142 GC heap after
{Heap after GC invocations=49 (full 0):
 garbage-first heap   total 248832K, used 135502K [0x0000000080000000, 0x0000000100000000)
  region size 1024K, 1 young (1024K), 1 survivors (1024K)
 Metaspace       used 124461K, capacity 127201K, committed 128680K, reserved 1161216K
  class space    used 15899K, capacity 16925K, committed 17400K, reserved 1048576K
}
Event: 3616.876 GC heap before
{Heap before GC invocations=49 (full 0):
 garbage-first heap   total 248832K, used 206158K [0x0000000080000000, 0x0000000100000000)
  region size 1024K, 70 young (71680K), 1 survivors (1024K)
 Metaspace       used 129202K, capacity 132168K, committed 133416K, reserved 1165312K
  class space    used 16611K, capacity 17695K, committed 18040K, reserved 1048576K
}
Event: 3616.886 GC heap after
{Heap after GC invocations=50 (full 0):
 garbage-first heap   total 248832K, used 139844K [0x0000000080000000, 0x0000000100000000)
  region size 1024K, 6 young (6144K), 6 survivors (6144K)
 Metaspace       used 129202K, capacity 132168K, committed 133416K, reserved 1165312K
  class space    used 16611K, capacity 17695K, committed 18040K, reserved 1048576K
}
Event: 3617.540 GC heap before
{Heap before GC invocations=51 (full 0):
 garbage-first heap   total 248832K, used 205380K [0x0000000080000000, 0x0000000100000000)
  region size 1024K, 71 young (72704K), 6 survivors (6144K)
 Metaspace       used 132332K, capacity 135191K, committed 136360K, reserved 1167360K
  class space    used 17019K, capacity 18080K, committed 18424K, reserved 1048576K
}
Event: 3617.550 GC heap after
{Heap after GC invocations=52 (full 0):
 garbage-first heap   total 248832K, used 145605K [0x0000000080000000, 0x0000000100000000)
  region size 1024K, 6 young (6144K), 6 survivors (6144K)
 Metaspace       used 132332K, capacity 135191K, committed 136360K, reserved 1167360K
  class space    used 17019K, capacity 18080K, committed 18424K, reserved 1048576K
}
Event: 3617.586 GC heap before
{Heap before GC invocations=52 (full 0):
 garbage-first heap   total 248832K, used 150725K [0x0000000080000000, 0x0000000100000000)
  region size 1024K, 12 young (12288K), 6 survivors (6144K)
 Metaspace       used 132391K, capacity 135325K, committed 136360K, reserved 1167360K
  class space    used 17022K, capacity 18080K, committed 18424K, reserved 1048576K
}
Event: 3617.594 GC heap after
{Heap after GC invocations=53 (full 0):
 garbage-first heap   total 248832K, used 145916K [0x0000000080000000, 0x0000000100000000)
  region size 1024K, 2 young (2048K), 2 survivors (2048K)
 Metaspace       used 132391K, capacity 135325K, committed 136360K, reserved 1167360K
  class space    used 17022K, capacity 18080K, committed 18424K, reserved 1048576K
}
Event: 3618.421 GC heap before
{Heap before GC invocations=53 (full 0):
 garbage-first heap   total 248832K, used 206332K [0x0000000080000000, 0x0000000100000000)
  region size 1024K, 62 young (63488K), 2 survivors (2048K)
 Metaspace       used 136469K, capacity 139556K, committed 140456K, reserved 1171456K
  class space    used 17606K, capacity 18770K, committed 18936K, reserved 1048576K
}
Event: 3618.429 GC heap after
{Heap after GC invocations=54 (full 0):
 garbage-first heap   total 248832K, used 149672K [0x0000000080000000, 0x0000000100000000)
  region size 1024K, 5 young (5120K), 5 survivors (5120K)
 Metaspace       used 136469K, capacity 139556K, committed 140456K, reserved 1171456K
  class space    used 17606K, capacity 18770K, committed 18936K, reserved 1048576K
}

